<?xml version="1.0" encoding="UTF-8"?>
<testsuite xmlns:xsi="http://www.w3.org/2001/XMLSchema-instance" xsi:noNamespaceSchemaLocation="https://maven.apache.org/surefire/maven-surefire-plugin/xsd/surefire-test-report-3.0.xsd" version="3.0" name="com.xyy.service.ImageServiceTest" time="1.33" tests="4" errors="0" skipped="0" failures="0">
  <properties>
    <property name="java.specification.version" value="22"/>
    <property name="sun.cpu.isalist" value="amd64"/>
    <property name="sun.jnu.encoding" value="GBK"/>
    <property name="java.class.path" value="D:\desktop\桌面\study_dir\idea-javaworkspace-now\JavaEE\Spring-test\ithema-ssm\ssm-wallpaper\target\test-classes;D:\desktop\桌面\study_dir\idea-javaworkspace-now\JavaEE\Spring-test\ithema-ssm\ssm-wallpaper\target\classes;D:\software\apache-maven-3.9.9\mvn_resp\com\qiniu\qiniu-java-sdk\7.16.0\qiniu-java-sdk-7.16.0.jar;D:\software\apache-maven-3.9.9\mvn_resp\org\projectlombok\lombok\1.18.22\lombok-1.18.22.jar;D:\software\apache-maven-3.9.9\mvn_resp\com\squareup\okhttp3\okhttp\3.14.2\okhttp-3.14.2.jar;D:\software\apache-maven-3.9.9\mvn_resp\com\squareup\okio\okio\1.17.2\okio-1.17.2.jar;D:\software\apache-maven-3.9.9\mvn_resp\com\google\code\gson\gson\2.8.5\gson-2.8.5.jar;D:\software\apache-maven-3.9.9\mvn_resp\com\qiniu\happy-dns-java\0.1.6\happy-dns-java-0.1.6.jar;D:\software\apache-maven-3.9.9\mvn_resp\org\springframework\spring-webmvc\5.3.23\spring-webmvc-5.3.23.jar;D:\software\apache-maven-3.9.9\mvn_resp\org\springframework\spring-aop\5.3.23\spring-aop-5.3.23.jar;D:\software\apache-maven-3.9.9\mvn_resp\org\springframework\spring-beans\5.3.23\spring-beans-5.3.23.jar;D:\software\apache-maven-3.9.9\mvn_resp\org\springframework\spring-context\5.3.23\spring-context-5.3.23.jar;D:\software\apache-maven-3.9.9\mvn_resp\org\springframework\spring-core\5.3.23\spring-core-5.3.23.jar;D:\software\apache-maven-3.9.9\mvn_resp\org\springframework\spring-jcl\5.3.23\spring-jcl-5.3.23.jar;D:\software\apache-maven-3.9.9\mvn_resp\org\springframework\spring-expression\5.3.23\spring-expression-5.3.23.jar;D:\software\apache-maven-3.9.9\mvn_resp\org\springframework\spring-web\5.3.23\spring-web-5.3.23.jar;D:\software\apache-maven-3.9.9\mvn_resp\javax\servlet\javax.servlet-api\3.1.0\javax.servlet-api-3.1.0.jar;D:\software\apache-maven-3.9.9\mvn_resp\com\mysql\mysql-connector-j\8.0.33\mysql-connector-j-8.0.33.jar;D:\software\apache-maven-3.9.9\mvn_resp\com\google\protobuf\protobuf-java\3.21.9\protobuf-java-3.21.9.jar;D:\software\apache-maven-3.9.9\mvn_resp\org\mybatis\mybatis\3.5.13\mybatis-3.5.13.jar;D:\software\apache-maven-3.9.9\mvn_resp\org\mybatis\mybatis-spring\2.0.7\mybatis-spring-2.0.7.jar;D:\software\apache-maven-3.9.9\mvn_resp\org\springframework\spring-jdbc\5.3.20\spring-jdbc-5.3.20.jar;D:\software\apache-maven-3.9.9\mvn_resp\org\springframework\spring-tx\5.3.20\spring-tx-5.3.20.jar;D:\software\apache-maven-3.9.9\mvn_resp\com\alibaba\druid\1.2.1\druid-1.2.1.jar;D:\software\apache-maven-3.9.9\mvn_resp\javax\annotation\javax.annotation-api\1.3.2\javax.annotation-api-1.3.2.jar;D:\software\apache-maven-3.9.9\mvn_resp\junit\junit\4.13.2\junit-4.13.2.jar;D:\software\apache-maven-3.9.9\mvn_resp\org\hamcrest\hamcrest-core\1.3\hamcrest-core-1.3.jar;D:\software\apache-maven-3.9.9\mvn_resp\org\springframework\spring-test\5.3.12\spring-test-5.3.12.jar;D:\software\apache-maven-3.9.9\mvn_resp\com\fasterxml\jackson\core\jackson-databind\2.17.2\jackson-databind-2.17.2.jar;D:\software\apache-maven-3.9.9\mvn_resp\com\fasterxml\jackson\core\jackson-annotations\2.17.2\jackson-annotations-2.17.2.jar;D:\software\apache-maven-3.9.9\mvn_resp\com\fasterxml\jackson\core\jackson-core\2.17.2\jackson-core-2.17.2.jar;D:\software\apache-maven-3.9.9\mvn_resp\commons-fileupload\commons-fileupload\1.4\commons-fileupload-1.4.jar;D:\software\apache-maven-3.9.9\mvn_resp\commons-io\commons-io\2.11.0\commons-io-2.11.0.jar;"/>
    <property name="java.vm.vendor" value="Oracle Corporation"/>
    <property name="sun.arch.data.model" value="64"/>
    <property name="user.variant" value=""/>
    <property name="java.vendor.url" value="https://java.oracle.com/"/>
    <property name="user.timezone" value="Asia/Shanghai"/>
    <property name="os.name" value="Windows 11"/>
    <property name="java.vm.specification.version" value="22"/>
    <property name="sun.java.launcher" value="SUN_STANDARD"/>
    <property name="user.country" value="CN"/>
    <property name="sun.boot.library.path" value="C:\Program Files\Java\jdk-22.0.2\bin"/>
    <property name="sun.java.command" value="C:\Users\86188\AppData\Local\Temp\surefire18050511671606564834\surefirebooter-20250521115352255_3.jar C:\Users\86188\AppData\Local\Temp\surefire18050511671606564834 2025-05-21T11-53-52_157-jvmRun1 surefire-20250521115352255_1tmp surefire_0-20250521115352255_2tmp"/>
    <property name="jdk.debug" value="release"/>
    <property name="surefire.test.class.path" value="D:\desktop\桌面\study_dir\idea-javaworkspace-now\JavaEE\Spring-test\ithema-ssm\ssm-wallpaper\target\test-classes;D:\desktop\桌面\study_dir\idea-javaworkspace-now\JavaEE\Spring-test\ithema-ssm\ssm-wallpaper\target\classes;D:\software\apache-maven-3.9.9\mvn_resp\com\qiniu\qiniu-java-sdk\7.16.0\qiniu-java-sdk-7.16.0.jar;D:\software\apache-maven-3.9.9\mvn_resp\org\projectlombok\lombok\1.18.22\lombok-1.18.22.jar;D:\software\apache-maven-3.9.9\mvn_resp\com\squareup\okhttp3\okhttp\3.14.2\okhttp-3.14.2.jar;D:\software\apache-maven-3.9.9\mvn_resp\com\squareup\okio\okio\1.17.2\okio-1.17.2.jar;D:\software\apache-maven-3.9.9\mvn_resp\com\google\code\gson\gson\2.8.5\gson-2.8.5.jar;D:\software\apache-maven-3.9.9\mvn_resp\com\qiniu\happy-dns-java\0.1.6\happy-dns-java-0.1.6.jar;D:\software\apache-maven-3.9.9\mvn_resp\org\springframework\spring-webmvc\5.3.23\spring-webmvc-5.3.23.jar;D:\software\apache-maven-3.9.9\mvn_resp\org\springframework\spring-aop\5.3.23\spring-aop-5.3.23.jar;D:\software\apache-maven-3.9.9\mvn_resp\org\springframework\spring-beans\5.3.23\spring-beans-5.3.23.jar;D:\software\apache-maven-3.9.9\mvn_resp\org\springframework\spring-context\5.3.23\spring-context-5.3.23.jar;D:\software\apache-maven-3.9.9\mvn_resp\org\springframework\spring-core\5.3.23\spring-core-5.3.23.jar;D:\software\apache-maven-3.9.9\mvn_resp\org\springframework\spring-jcl\5.3.23\spring-jcl-5.3.23.jar;D:\software\apache-maven-3.9.9\mvn_resp\org\springframework\spring-expression\5.3.23\spring-expression-5.3.23.jar;D:\software\apache-maven-3.9.9\mvn_resp\org\springframework\spring-web\5.3.23\spring-web-5.3.23.jar;D:\software\apache-maven-3.9.9\mvn_resp\javax\servlet\javax.servlet-api\3.1.0\javax.servlet-api-3.1.0.jar;D:\software\apache-maven-3.9.9\mvn_resp\com\mysql\mysql-connector-j\8.0.33\mysql-connector-j-8.0.33.jar;D:\software\apache-maven-3.9.9\mvn_resp\com\google\protobuf\protobuf-java\3.21.9\protobuf-java-3.21.9.jar;D:\software\apache-maven-3.9.9\mvn_resp\org\mybatis\mybatis\3.5.13\mybatis-3.5.13.jar;D:\software\apache-maven-3.9.9\mvn_resp\org\mybatis\mybatis-spring\2.0.7\mybatis-spring-2.0.7.jar;D:\software\apache-maven-3.9.9\mvn_resp\org\springframework\spring-jdbc\5.3.20\spring-jdbc-5.3.20.jar;D:\software\apache-maven-3.9.9\mvn_resp\org\springframework\spring-tx\5.3.20\spring-tx-5.3.20.jar;D:\software\apache-maven-3.9.9\mvn_resp\com\alibaba\druid\1.2.1\druid-1.2.1.jar;D:\software\apache-maven-3.9.9\mvn_resp\javax\annotation\javax.annotation-api\1.3.2\javax.annotation-api-1.3.2.jar;D:\software\apache-maven-3.9.9\mvn_resp\junit\junit\4.13.2\junit-4.13.2.jar;D:\software\apache-maven-3.9.9\mvn_resp\org\hamcrest\hamcrest-core\1.3\hamcrest-core-1.3.jar;D:\software\apache-maven-3.9.9\mvn_resp\org\springframework\spring-test\5.3.12\spring-test-5.3.12.jar;D:\software\apache-maven-3.9.9\mvn_resp\com\fasterxml\jackson\core\jackson-databind\2.17.2\jackson-databind-2.17.2.jar;D:\software\apache-maven-3.9.9\mvn_resp\com\fasterxml\jackson\core\jackson-annotations\2.17.2\jackson-annotations-2.17.2.jar;D:\software\apache-maven-3.9.9\mvn_resp\com\fasterxml\jackson\core\jackson-core\2.17.2\jackson-core-2.17.2.jar;D:\software\apache-maven-3.9.9\mvn_resp\commons-fileupload\commons-fileupload\1.4\commons-fileupload-1.4.jar;D:\software\apache-maven-3.9.9\mvn_resp\commons-io\commons-io\2.11.0\commons-io-2.11.0.jar;"/>
    <property name="sun.cpu.endian" value="little"/>
    <property name="user.home" value="C:\Users\86188"/>
    <property name="user.language" value="zh"/>
    <property name="java.specification.vendor" value="Oracle Corporation"/>
    <property name="java.version.date" value="2024-07-16"/>
    <property name="java.home" value="C:\Program Files\Java\jdk-22.0.2"/>
    <property name="file.separator" value="\"/>
    <property name="basedir" value="D:\desktop\桌面\study_dir\idea-javaworkspace-now\JavaEE\Spring-test\ithema-ssm\ssm-wallpaper"/>
    <property name="java.vm.compressedOopsMode" value="Zero based"/>
    <property name="line.separator" value="&#10;"/>
    <property name="java.vm.specification.vendor" value="Oracle Corporation"/>
    <property name="java.specification.name" value="Java Platform API Specification"/>
    <property name="surefire.real.class.path" value="C:\Users\86188\AppData\Local\Temp\surefire18050511671606564834\surefirebooter-20250521115352255_3.jar"/>
    <property name="user.script" value=""/>
    <property name="sun.management.compiler" value="HotSpot 64-Bit Tiered Compilers"/>
    <property name="java.runtime.version" value="22.0.2+9-70"/>
    <property name="user.name" value="86188"/>
    <property name="stdout.encoding" value="GBK"/>
    <property name="path.separator" value=";"/>
    <property name="os.version" value="10.0"/>
    <property name="java.runtime.name" value="Java(TM) SE Runtime Environment"/>
    <property name="file.encoding" value="UTF-8"/>
    <property name="java.vm.name" value="Java HotSpot(TM) 64-Bit Server VM"/>
    <property name="localRepository" value="D:\software\apache-maven-3.9.9\mvn_resp"/>
    <property name="java.vendor.url.bug" value="https://bugreport.java.com/bugreport/"/>
    <property name="java.io.tmpdir" value="C:\Users\86188\AppData\Local\Temp\"/>
    <property name="idea.version" value="2022.3.2"/>
    <property name="java.version" value="22.0.2"/>
    <property name="user.dir" value="D:\desktop\桌面\study_dir\idea-javaworkspace-now\JavaEE\Spring-test\ithema-ssm\ssm-wallpaper"/>
    <property name="os.arch" value="amd64"/>
    <property name="java.vm.specification.name" value="Java Virtual Machine Specification"/>
    <property name="sun.os.patch.level" value=""/>
    <property name="native.encoding" value="GBK"/>
    <property name="java.library.path" value="C:\Program Files\Java\jdk-22.0.2\bin;C:\WINDOWS\Sun\Java\bin;C:\WINDOWS\system32;C:\WINDOWS;D:\oracle\product\10.2.0\db_1\bin;D:\desktop\桌面\VMware\bin\;C:\Program Files\Java\jdk-17.0.3.1\bin;C:\Program Files (x86)\NVIDIA Corporation\PhysX\Common;C:\WINDOWS\system32;C:\WINDOWS;C:\WINDOWS\System32\Wbem;C:\WINDOWS\System32\WindowsPowerShell\v1.0\;C:\WINDOWS\System32\OpenSSH\;C:\Program Files (x86)\Tencent\微信web开发者工具\dll;D:\software\mingw64\bin;D:\NodeJS\;C:\Program Files\Git\cmd;C:\Program Files\MySQL\mysql-8.1.0-winx64\bin;D:\software\apache-maven-3.9.9\bin;C:\Program Files\Pandoc\;D:\desktop\Tools\WinNT;D:\desktop\MSDev98\Bin;D:\desktop\Tools;D:\VC98\bin;C:\Users\86188\AppData\Local\Microsoft\WindowsApps;D:\desktop\桌面\study_dir\学习资料 + 工具\Microsoft VS Code\bin;C:\Users\86188\.dotnet\tools;C:\Users\86188\AppData\Roaming\npm;D:\desktop\桌面\学习资料 + 工具\Microsoft VS Code\bin;."/>
    <property name="java.vm.info" value="mixed mode, sharing"/>
    <property name="stderr.encoding" value="GBK"/>
    <property name="java.vendor" value="Oracle Corporation"/>
    <property name="java.vm.version" value="22.0.2+9-70"/>
    <property name="sun.io.unicode.encoding" value="UnicodeLittle"/>
    <property name="java.class.version" value="66.0"/>
  </properties>
  <testcase name="deleteImage" classname="com.xyy.service.ImageServiceTest" time="0.521">
    <system-out><![CDATA[true
]]></system-out>
    <system-err><![CDATA[5月 21, 2025 11:53:52 上午 org.springframework.test.context.support.AbstractTestContextBootstrapper getDefaultTestExecutionListenerClassNames
信息: Loaded default TestExecutionListener class names from location [META-INF/spring.factories]: [org.springframework.test.context.web.ServletTestExecutionListener, org.springframework.test.context.support.DirtiesContextBeforeModesTestExecutionListener, org.springframework.test.context.event.ApplicationEventsTestExecutionListener, org.springframework.test.context.support.DependencyInjectionTestExecutionListener, org.springframework.test.context.support.DirtiesContextTestExecutionListener, org.springframework.test.context.transaction.TransactionalTestExecutionListener, org.springframework.test.context.jdbc.SqlScriptsTestExecutionListener, org.springframework.test.context.event.EventPublishingTestExecutionListener]
5月 21, 2025 11:53:52 上午 org.springframework.test.context.support.AbstractTestContextBootstrapper getTestExecutionListeners
信息: Using TestExecutionListeners: [org.springframework.test.context.web.ServletTestExecutionListener@2f7c2f4f, org.springframework.test.context.support.DirtiesContextBeforeModesTestExecutionListener@6af93788, org.springframework.test.context.event.ApplicationEventsTestExecutionListener@ef9296d, org.springframework.test.context.support.DependencyInjectionTestExecutionListener@36c88a32, org.springframework.test.context.support.DirtiesContextTestExecutionListener@7880cdf3, org.springframework.test.context.transaction.TransactionalTestExecutionListener@5be6e01c, org.springframework.test.context.jdbc.SqlScriptsTestExecutionListener@1c93084c, org.springframework.test.context.event.EventPublishingTestExecutionListener@6ef888f6]
5月 21, 2025 11:53:53 上午 com.alibaba.druid.support.logging.JakartaCommonsLoggingImpl info
信息: {dataSource-1} inited
]]></system-err>
  </testcase>
  <testcase name="addImageTest" classname="com.xyy.service.ImageServiceTest" time="0.006">
    <system-out><![CDATA[true
]]></system-out>
  </testcase>
  <testcase name="getImageTest" classname="com.xyy.service.ImageServiceTest" time="0.026">
    <system-out><![CDATA[Image{id=4, head='甜美阿紫', url='http://swg6gfdig.hn-bkt.clouddn.com/FtW1ruU1IIRuUT3k7T4U42zh63mi?e=1747669259&token=zLFxIwO5vDPmK_uYuQZTI6aLFo33HLAkUBFlOPMW:o-PpzF9WWlx504SSbFOsqjTScmI=', hid=5, createTime='2025-05-20'}
]]></system-out>
  </testcase>
  <testcase name="getImagesByIndex" classname="com.xyy.service.ImageServiceTest" time="0.006">
    <system-out><![CDATA[[http://swg6gfdig.hn-bkt.clouddn.com/FjPxZ8yu2LFQ8l4kl7SSQD_bZhNk?e=1747669155&token=zLFxIwO5vDPmK_uYuQZTI6aLFo33HLAkUBFlOPMW:42aFYtsn02RkjSd0AIrespe3hAA=, http://swg6gfdig.hn-bkt.clouddn.com/FtW1ruU1IIRuUT3k7T4U42zh63mi?e=1747669259&token=zLFxIwO5vDPmK_uYuQZTI6aLFo33HLAkUBFlOPMW:o-PpzF9WWlx504SSbFOsqjTScmI=, http://swg6gfdig.hn-bkt.clouddn.com/FvOKuyxWmrNxJFaobKNQlXRR4co9?e=1747677340&token=zLFxIwO5vDPmK_uYuQZTI6aLFo33HLAkUBFlOPMW:GLeSY1VI2M2ua0xCSWgkBnnnxao=, http://swg6gfdig.hn-bkt.clouddn.com/Fs1AD_bFXPzYv1fcRIQF_YjHB1X7, http://swg6gfdig.hn-bkt.clouddn.com/FhPJaWwdsAunJ6cfGrCSgTaUOB-_, http://swg6gfdig.hn-bkt.clouddn.com/FuUHMPdT-3L2nhDxc9fcX4YoNNQF, http://swg6gfdig.hn-bkt.clouddn.com/FtGA201Hb67FVwts72zdGTb2qsuR, http://swg6gfdig.hn-bkt.clouddn.com/FgKeoZwjhOK76u2PsUhk1iZX-xns, http://swg6gfdig.hn-bkt.clouddn.com/FlerZp9nRCFfFELRhywqf2Mr1syP]
]]></system-out>
  </testcase>
</testsuite>